


ARM Macro Assembler    Page 1 


    1 00000000                 AREA             RESET, DATA, READONLY
    2 00000000                 EXPORT           __Vectors
    3 00000000         __Vectors
    4 00000000 10001000        DCD              0x10001000
    5 00000004 00000000        DCD              Reset_Handler
    6 00000008                 ALIGN
    7 00000008                 AREA             mycode, CODE, READONLY
    8 00000000                 ENTRY
    9 00000000                 EXPORT           Reset_Handler
   10 00000000         
   11 00000000         Reset_Handler
   12 00000000 480B            LDR              R0,=N1
   13 00000002 4B0C            LDR              R3,=DST
   14 00000004 7801            LDRB             R1,[R0]
   15 00000006 F001 02F0       AND              R2,R1,#0xF0
   16 0000000A EA4F 1212       LSR              R2,#04
   17 0000000E 2A09            CMP              R2,#09
   18 00000010 D301            BCC              jump
   19 00000012 F102 0207       ADD              R2,#0x07
   20 00000016         
   21 00000016 F102 0230 
                       jump    ADD              R2,#0x30
   22 0000001A F803 2B01       STRB             R2,[R3],#1
   23 0000001E F001 040F       AND              R4,R1,#0x0F
   24 00000022 F104 0430       ADD              R4,#0x30
   25 00000026 701C            STRB             R4,[R3]
   26 00000028         STOP
   27 00000028 E7FE            B                STOP
   28 0000002A         
   29 0000002A 00 00 00000043 
                       N1      DCD              0x43
   30 00000030 00000000 
              00000000         AREA             mydata, DATA, READWRITE
   31 00000000 00000000 
                       DST     DCD              0
   32 00000004                 END
Command Line: --debug --xref --cpu=Cortex-M3 --apcs=interwork --depend=.\q4.d -
o.\q4.o -IC:\Keil\ARM\RV31\INC -IC:\Keil\ARM\CMSIS\Include -IC:\Keil\ARM\Inc\NX
P\LPC17xx --predefine="__EVAL SETA 1" --list=.\q4.lst q4.s



ARM Macro Assembler    Page 1 Alphabetic symbol ordering
Relocatable symbols

RESET 00000000

Symbol: RESET
   Definitions
      At line 1 in file q4.s
   Uses
      None
Comment: RESET unused
__Vectors 00000000

Symbol: __Vectors
   Definitions
      At line 3 in file q4.s
   Uses
      At line 2 in file q4.s
Comment: __Vectors used once
2 symbols



ARM Macro Assembler    Page 1 Alphabetic symbol ordering
Relocatable symbols

N1 0000002C

Symbol: N1
   Definitions
      At line 29 in file q4.s
   Uses
      At line 12 in file q4.s
Comment: N1 used once
Reset_Handler 00000000

Symbol: Reset_Handler
   Definitions
      At line 11 in file q4.s
   Uses
      At line 5 in file q4.s
      At line 9 in file q4.s

STOP 00000028

Symbol: STOP
   Definitions
      At line 26 in file q4.s
   Uses
      At line 27 in file q4.s
Comment: STOP used once
jump 00000016

Symbol: jump
   Definitions
      At line 21 in file q4.s
   Uses
      At line 18 in file q4.s
Comment: jump used once
mycode 00000000

Symbol: mycode
   Definitions
      At line 7 in file q4.s
   Uses
      None
Comment: mycode unused
5 symbols



ARM Macro Assembler    Page 1 Alphabetic symbol ordering
Relocatable symbols

DST 00000000

Symbol: DST
   Definitions
      At line 31 in file q4.s
   Uses
      At line 13 in file q4.s
Comment: DST used once
mydata 00000000

Symbol: mydata
   Definitions
      At line 30 in file q4.s
   Uses
      None
Comment: mydata unused
2 symbols
342 symbols in table
