


ARM Macro Assembler    Page 1 


    1 00000000                 AREA             RESET, DATA, READONLY
    2 00000000                 EXPORT           __Vectors
    3 00000000         __Vectors
    4 00000000 10001000        DCD              0x10001000
    5 00000004 00000000        DCD              Reset_Handler
    6 00000008                 ALIGN
    7 00000008                 AREA             mycode, CODE, READONLY
    8 00000000                 ENTRY
    9 00000000                 EXPORT           Reset_Handler
   10 00000000         Reset_Handler
   11 00000000 4806            LDR              R0,=SRC
   12 00000002 4907            LDR              R1,=DST
   13 00000004 F04F 0200       MOV              R2,#0
   14 00000008 6803            LDR              R3,[R0]
   15 0000000A FB03 3203       MLA              R2,R3,R3,R3
   16 0000000E EA4F 0252       LSR              R2,#1
   17 00000012 600A            STR              R2,[R1]
   18 00000014         STOP
   19 00000014 E7FE            B                STOP
   20 00000016 00 00 00000005 
                       SRC     DCD              5
   21 0000001C 00000000 
              00000000         AREA             mydata,DATA,READWRITE
   22 00000000 00000000 
                       DST     DCD              0
   23 00000004         
   24 00000004                 END
Command Line: --debug --xref --cpu=Cortex-M3 --apcs=interwork --depend=.\q2.d -
o.\q2.o -IC:\Keil\ARM\RV31\INC -IC:\Keil\ARM\CMSIS\Include -IC:\Keil\ARM\Inc\NX
P\LPC17xx --predefine="__EVAL SETA 1" --list=.\q2.lst q2.s



ARM Macro Assembler    Page 1 Alphabetic symbol ordering
Relocatable symbols

RESET 00000000

Symbol: RESET
   Definitions
      At line 1 in file q2.s
   Uses
      None
Comment: RESET unused
__Vectors 00000000

Symbol: __Vectors
   Definitions
      At line 3 in file q2.s
   Uses
      At line 2 in file q2.s
Comment: __Vectors used once
2 symbols



ARM Macro Assembler    Page 1 Alphabetic symbol ordering
Relocatable symbols

Reset_Handler 00000000

Symbol: Reset_Handler
   Definitions
      At line 10 in file q2.s
   Uses
      At line 5 in file q2.s
      At line 9 in file q2.s

SRC 00000018

Symbol: SRC
   Definitions
      At line 20 in file q2.s
   Uses
      At line 11 in file q2.s
Comment: SRC used once
STOP 00000014

Symbol: STOP
   Definitions
      At line 18 in file q2.s
   Uses
      At line 19 in file q2.s
Comment: STOP used once
mycode 00000000

Symbol: mycode
   Definitions
      At line 7 in file q2.s
   Uses
      None
Comment: mycode unused
4 symbols



ARM Macro Assembler    Page 1 Alphabetic symbol ordering
Relocatable symbols

DST 00000000

Symbol: DST
   Definitions
      At line 22 in file q2.s
   Uses
      At line 12 in file q2.s
Comment: DST used once
mydata 00000000

Symbol: mydata
   Definitions
      At line 21 in file q2.s
   Uses
      None
Comment: mydata unused
2 symbols
341 symbols in table
