


ARM Macro Assembler    Page 1 


    1 00000000                 AREA             RESET, DATA, READONLY
    2 00000000                 EXPORT           __Vectors
    3 00000000         __Vectors
    4 00000000 10001000        DCD              0x10001000
    5 00000004 00000000        DCD              Reset_Handler
    6 00000008                 ALIGN
    7 00000008                 AREA             mycode, CODE, READONLY
    8 00000000                 ENTRY
    9 00000000                 EXPORT           Reset_Handler
   10 00000000         Reset_Handler
   11 00000000 F04F 0045       MOV              R0,#69
   12 00000004         STOP
   13 00000004 E7FE            B                STOP
   14 00000006                 END
Command Line: --debug --xref --cpu=Cortex-M3 --apcs=interwork --depend=.\q1file
.d -o.\q1file.o -IC:\Keil\ARM\RV31\INC -IC:\Keil\ARM\CMSIS\Include -IC:\Keil\AR
M\Inc\NXP\LPC17xx --predefine="__EVAL SETA 1" --list=.\q1file.lst q1file.s



ARM Macro Assembler    Page 1 Alphabetic symbol ordering
Relocatable symbols

RESET 00000000

Symbol: RESET
   Definitions
      At line 1 in file q1file.s
   Uses
      None
Comment: RESET unused
__Vectors 00000000

Symbol: __Vectors
   Definitions
      At line 3 in file q1file.s
   Uses
      At line 2 in file q1file.s
Comment: __Vectors used once
2 symbols



ARM Macro Assembler    Page 1 Alphabetic symbol ordering
Relocatable symbols

Reset_Handler 00000000

Symbol: Reset_Handler
   Definitions
      At line 10 in file q1file.s
   Uses
      At line 5 in file q1file.s
      At line 9 in file q1file.s

STOP 00000004

Symbol: STOP
   Definitions
      At line 12 in file q1file.s
   Uses
      At line 13 in file q1file.s
Comment: STOP used once
mycode 00000000

Symbol: mycode
   Definitions
      At line 7 in file q1file.s
   Uses
      None
Comment: mycode unused
3 symbols
336 symbols in table
